<?xml version="1.0" encoding="UTF-8"?>
<!-- Generated by org.testng.reporters.JUnitXMLReporter -->
<testsuite ignored="0" hostname="LAPTOP-6OACLVLF" failures="1" tests="1" name="Test" time="11.354" errors="0" timestamp="2021-01-20T09:15:02 IST">
  <testcase classname="com.Sample.MainTest.AppLoginTest" name="logintest" time="11.264">
    <failure type="java.lang.NullPointerException" message="Cannot invoke &amp;quot;org.openqa.selenium.WebDriver.findElement(org.openqa.selenium.By)&amp;quot; because &amp;quot;com.AppObjects.LoginAppObjects.driver&amp;quot; is null">
      <![CDATA[java.lang.NullPointerException: Cannot invoke "org.openqa.selenium.WebDriver.findElement(org.openqa.selenium.By)" because "com.AppObjects.LoginAppObjects.driver" is null
at com.AppObjects.LoginAppObjects.verifyusername(LoginAppObjects.java:24)
at com.Sample.MainTest.AppLoginTest.logintest(AppLoginTest.java:39)
at java.base/java.util.ArrayList.forEach(ArrayList.java:1511)
... Removed 27 stack frames]]>
    </failure>
  </testcase> <!-- logintest -->
</testsuite> <!-- Test -->
